
**** Build of configuration Debug for project blinky ****

"F:\\ti\\ccsv6\\utils\\bin\\gmake" -k all 
'Building file: ../blinky.c'
'Invoking: ARM Compiler'
"F:/ti/ccsv6/tools/compiler/ti-cgt-arm_5.2.2/bin/armcl" -mv7M4 --code_state=16 --float_support=FPv4SPD16 --abi=eabi -me -O2 --include_path="F:/ti/ccsv6/tools/compiler/ti-cgt-arm_5.2.2/include" --include_path="F:/ti/TivaWare_C_Series-2.1.1.71" -g --gcc --define=ccs="ccs" --define=PART_TM4C1294NCPDT --display_error_number --diag_warning=225 --diag_wrap=off --gen_func_subsections=on --ual --preproc_with_compile --preproc_dependency="blinky.pp"  "../blinky.c"
'Finished building: ../blinky.c'
' '
'Building file: ../startup_ccs.c'
'Invoking: ARM Compiler'
"F:/ti/ccsv6/tools/compiler/ti-cgt-arm_5.2.2/bin/armcl" -mv7M4 --code_state=16 --float_support=FPv4SPD16 --abi=eabi -me -O2 --include_path="F:/ti/ccsv6/tools/compiler/ti-cgt-arm_5.2.2/include" --include_path="F:/ti/TivaWare_C_Series-2.1.1.71" -g --gcc --define=ccs="ccs" --define=PART_TM4C1294NCPDT --display_error_number --diag_warning=225 --diag_wrap=off --gen_func_subsections=on --ual --preproc_with_compile --preproc_dependency="startup_ccs.pp"  "../startup_ccs.c"
'Finished building: ../startup_ccs.c'
' '
'Building target: blinky.out'
'Invoking: ARM Linker'
"F:/ti/ccsv6/tools/compiler/ti-cgt-arm_5.2.2/bin/armcl" -mv7M4 --code_state=16 --float_support=FPv4SPD16 --abi=eabi -me -O2 -g --gcc --define=ccs="ccs" --define=PART_TM4C1294NCPDT --display_error_number --diag_warning=225 --diag_wrap=off --gen_func_subsections=on --ual -z -m"blinky_ccs.map" --heap_size=0 --stack_size=256 -i"F:/ti/ccsv6/tools/compiler/ti-cgt-arm_5.2.2/lib" -i"F:/ti/ccsv6/tools/compiler/ti-cgt-arm_5.2.2/include" --reread_libs --warn_sections --display_error_number --diag_wrap=off --xml_link_info="blinky_linkInfo.xml" --rom_model -o "blinky.out" "./blinky.obj" "./startup_ccs.obj" "../blinky_ccs.cmd"  -l"libc.a" 
<Linking>
'Finished building target: blinky.out'
' '
"F:/ti/ccsv6/utils/tiobj2bin/tiobj2bin" "blinky.out" "blinky.bin" "F:/ti/ccsv6/tools/compiler/ti-cgt-arm_5.2.2/bin/armofd" "F:/ti/ccsv6/tools/compiler/ti-cgt-arm_5.2.2/bin/armhex" "F:/ti/ccsv6/utils/tiobj2bin/mkhex4bin"
' '

**** Build Finished ****
